This is e-pTeX, Version 3.14159265-p3.8.1-180226-2.6 (utf8.euc) (TeX Live 2018) (preloaded format=platex 2018.7.14)  26 OCT 2023 02:24
entering extended mode
 restricted \write18 enabled.
 %&-line parsing enabled.
**/Users/giuseppe/seminar-notes/grad-seminar/framed022
(/Users/giuseppe/seminar-notes/grad-seminar/framed022.tex
pLaTeX2e <2018-05-20> (based on LaTeX2e <2018-04-01> patch level 5)
(/usr/local/texlive/2018/texmf-dist/tex/platex/base/jarticle.cls
Document Class: jarticle 2018/02/04 v1.7h Standard pLaTeX class
\c@@paper=\count83
(/usr/local/texlive/2018/texmf-dist/tex/platex/base/jsize10.clo
File: jsize10.clo 2018/02/04 v1.7h Standard pLaTeX file (size option)
)
\c@part=\count84
\c@section=\count85
\c@subsection=\count86
\c@subsubsection=\count87
\c@paragraph=\count88
\c@subparagraph=\count89
\c@figure=\count90
\c@table=\count91
\abovecaptionskip=\skip41
\belowcaptionskip=\skip42
\symmincho=\mathgroup4
LaTeX Font Info:    Overwriting symbol font `mincho' in version `bold'
(Font)                  JY1/mc/m/n --> JY1/gt/m/n on input line 614.
\toclineskip=\dimen118
\@lnumwidth=\dimen119
\bibindent=\dimen120
\heisei=\count92
) (/usr/local/texlive/2018/texmf-dist/tex/latex/framed/framed.sty
Package: framed 2011/10/22 v 0.96: framed or shaded text with page breaks
\OuterFrameSep=\skip43
\fb@frw=\dimen121
\fb@frh=\dimen122
\FrameRule=\dimen123
\FrameSep=\dimen124
) (/usr/local/texlive/2018/texmf-dist/tex/latex/graphics/color.sty
Package: color 2016/07/10 v1.1e Standard LaTeX Color (DPC)
 (/usr/local/texlive/2018/texmf-dist/tex/latex/graphics-cfg/color.cfg
File: color.cfg 2016/01/02 v1.6 sample color configuration
)
Package color Info: Driver file: dvips.def on input line 147.
 (/usr/local/texlive/2018/texmf-dist/tex/latex/graphics-def/dvips.def
File: dvips.def 2017/06/20 v3.1d Graphics/color driver for dvips
) (/usr/local/texlive/2018/texmf-dist/tex/latex/graphics/dvipsnam.def
File: dvipsnam.def 2016/06/17 v3.0m Driver-dependent file (DPC,SPQR)
)) (./framed022.aux)
\openout1 = `framed022.aux'.

LaTeX Font Info:    Checking defaults for OML/cmm/m/it on input line 21.
LaTeX Font Info:    ... okay on input line 21.
LaTeX Font Info:    Checking defaults for T1/cmr/m/n on input line 21.
LaTeX Font Info:    ... okay on input line 21.
LaTeX Font Info:    Checking defaults for OT1/cmr/m/n on input line 21.
LaTeX Font Info:    ... okay on input line 21.
LaTeX Font Info:    Checking defaults for OMS/cmsy/m/n on input line 21.
LaTeX Font Info:    ... okay on input line 21.
LaTeX Font Info:    Checking defaults for OMX/cmex/m/n on input line 21.
LaTeX Font Info:    ... okay on input line 21.
LaTeX Font Info:    Checking defaults for U/cmr/m/n on input line 21.
LaTeX Font Info:    ... okay on input line 21.
LaTeX Font Info:    Checking defaults for JY1/mc/m/n on input line 21.
LaTeX Font Info:    ... okay on input line 21.
LaTeX Font Info:    Checking defaults for JT1/mc/m/n on input line 21.
LaTeX Font Info:    ... okay on input line 21.

Underfull \hbox (badness 1215) in paragraph at lines 42--43
\JY1/mc/m/n/10 世誰ぞつねならむ有為の
 []


Underfull \hbox (badness 1215) in paragraph at lines 42--43
\JY1/mc/m/n/10 奥山今日越えて浅き夢見
 []


Underfull \hbox (badness 1226) in paragraph at lines 42--43
\OT1/cmr/m/n/10 cABC The quick brown
 []

LaTeX Font Info:    External font `cmex10' loaded for size
(Font)              <7> on input line 44.
LaTeX Font Info:    External font `cmex10' loaded for size
(Font)              <5> on input line 44.
[1

]
Underfull \hbox (badness 1796) in paragraph at lines 58--59
\JY1/mc/m/n/10 日越えて浅き夢見じ酔ひも
 []

[2] [3] (./framed022.aux) ) 
Here is how much of TeX's memory you used:
 542 strings out of 493273
 6770 string characters out of 6144919
 71115 words of memory out of 5000000
 4547 multiletter control sequences out of 15000+600000
 7679 words of font info for 32 fonts, out of 8000000 for 9000
 929 hyphenation exceptions out of 8191
 22i,6n,20p,202b,221s stack positions out of 5000i,500n,10000p,200000b,80000s

Output written on framed022.dvi (3 pages, 4276 bytes).
