%このファイルは日本語文字を含みます.
\BOOKMARK [0][-]{chapter.1}{ホモロジー代数}{}% 1
\BOOKMARK [1][-]{section.1.3}{複体の圏}{chapter.1}% 2
\BOOKMARK [1][-]{section.1.4}{写像錐}{chapter.1}% 3
\BOOKMARK [1][-]{section.1.5}{三角圏}{chapter.1}% 4
\BOOKMARK [1][-]{section.1.6}{圏の局所化}{chapter.1}% 5
\BOOKMARK [1][-]{section.1.7}{導来圏}{chapter.1}% 6
\BOOKMARK [0][-]{chapter.2}{層}{}% 7
\BOOKMARK [1][-]{section.2.1}{前層}{chapter.2}% 8
\BOOKMARK [1][-]{section.2.2}{層}{chapter.2}% 9
\BOOKMARK [1][-]{section.2.3}{層の演算}{chapter.2}% 10
\BOOKMARK [1][-]{section.2.4}{入射的層，脆弱層，平坦層}{chapter.2}% 11
\BOOKMARK [1][-]{section.2.5}{局所コンパクト空間上の層}{chapter.2}% 12
\BOOKMARK [1][-]{section.2.6}{層のコホモロジー}{chapter.2}% 13
\BOOKMARK [1][-]{section.2.7}{非特性変形補題}{chapter.2}% 14
\BOOKMARK [1][-]{section.2.9}{実・複素多様体上の層の例}{chapter.2}% 15
\BOOKMARK [0][-]{chapter.3}{Poincare-Verdier 双対性}{}% 16
\BOOKMARK [1][-]{section.3.1}{上付きびっくり}{chapter.3}% 17
\BOOKMARK [0][-]{chapter.4}{特殊化と超局所化}{}% 18
\BOOKMARK [1][-]{section.4.1}{法変形}{chapter.4}% 19
\BOOKMARK [1][-]{section.4.2}{特殊化}{chapter.4}% 20
\BOOKMARK [1][-]{section.4.3}{超局所化}{chapter.4}% 21
\BOOKMARK [0][-]{chapter*.56}{参考文献}{}% 22
