%このファイルは日本語文字を含みます.
\BOOKMARK [0][-]{chapter.0}{序}{}% 1
\BOOKMARK [0][-]{chapter.1}{辞書}{}% 2
\BOOKMARK [1][-]{section.1.1}{局所系と基本群}{chapter.1}% 3
\BOOKMARK [1][-]{section.1.2}{可積分接続と局所系}{chapter.1}% 4
\BOOKMARK [1][-]{section.1.3}{1階偏微分方程式の言葉への翻訳}{chapter.1}% 5
\BOOKMARK [1][-]{section.1.4}{n階微分方程式}{chapter.1}% 6
\BOOKMARK [1][-]{section.1.5}{2階微分方程式}{chapter.1}% 7
\BOOKMARK [1][-]{section.1.6}{有限 determination の multiform 関数}{chapter.1}% 8
\BOOKMARK [0][-]{chapter.2}{確定特異点型接続}{}% 9
\BOOKMARK [1][-]{section.2.1}{1次元における正則性}{chapter.2}% 10
\BOOKMARK [1][-]{section.2.2}{増大度の条件}{chapter.2}% 11
\BOOKMARK [1][-]{section.2.3}{対数型極}{chapter.2}% 12
\BOOKMARK [1][-]{section.2.4}{n次元における正則性}{chapter.2}% 13
\BOOKMARK [1][-]{section.2.5}{存在定理}{chapter.2}% 14
\BOOKMARK [1][-]{section.2.6}{比較定理}{chapter.2}% 15
\BOOKMARK [1][-]{section.2.7}{正則性定理}{chapter.2}% 16
\BOOKMARK [0][-]{chapter.3}{応用}{}% 17
\BOOKMARK [1][-]{section.3.1}{Nilsson級関数}{chapter.3}% 18
\BOOKMARK [1][-]{section.3.2}{（Brieskornによる）モノドロミー定理}{chapter.3}% 19
